<?xml version="1.0" encoding="UTF-8"?>
<testng-results skipped="0" failed="0" ignored="0" total="4" passed="4">
  <reporter-output>
  </reporter-output>
  <suite name="Suite" duration-ms="38" started-at="2021-04-06T18:29:18 EEST" finished-at="2021-04-06T18:29:18 EEST">
    <groups>
    </groups>
    <test name="Test" duration-ms="38" started-at="2021-04-06T18:29:18 EEST" finished-at="2021-04-06T18:29:18 EEST">
      <class name="qaclickacademy.RestAPITest">
        <test-method status="PASS" signature="postJira()[pri:0, instance:qaclickacademy.RestAPITest@64729b1e]" name="postJira" duration-ms="0" started-at="2021-04-06T18:29:18 EEST" finished-at="2021-04-06T18:29:18 EEST">
          <reporter-output>
          </reporter-output>
        </test-method> <!-- postJira -->
        <test-method status="PASS" signature="deleteTwitter()[pri:0, instance:qaclickacademy.RestAPITest@64729b1e]" name="deleteTwitter" duration-ms="0" started-at="2021-04-06T18:29:18 EEST" finished-at="2021-04-06T18:29:18 EEST">
          <reporter-output>
          </reporter-output>
        </test-method> <!-- deleteTwitter -->
      </class> <!-- qaclickacademy.RestAPITest -->
      <class name="qaclickacademy.SeleniumTest">
        <test-method status="PASS" signature="BrowserAutomation()[pri:0, instance:qaclickacademy.SeleniumTest@694e1548]" name="BrowserAutomation" duration-ms="3" started-at="2021-04-06T18:29:18 EEST" finished-at="2021-04-06T18:29:18 EEST">
          <reporter-output>
          </reporter-output>
        </test-method> <!-- BrowserAutomation -->
        <test-method status="PASS" signature="elementsUi()[pri:0, instance:qaclickacademy.SeleniumTest@694e1548]" name="elementsUi" duration-ms="0" started-at="2021-04-06T18:29:18 EEST" finished-at="2021-04-06T18:29:18 EEST">
          <reporter-output>
          </reporter-output>
        </test-method> <!-- elementsUi -->
      </class> <!-- qaclickacademy.SeleniumTest -->
    </test> <!-- Test -->
  </suite> <!-- Suite -->
</testng-results>
